<?xml version="1.0" encoding="UTF-8"?>
<TestRun id="86dfd867-cf8d-4a1b-a947-8d6b35b01d26" name="jfernandez@JFERNANDEZ 2014-09-25 21:11:09" runUser="NTCIP\jfernandez" xmlns="http://microsoft.com/schemas/VisualStudio/TeamTest/2010">
  <TestSettings name="Default Test Settings" id="dfc53a8e-93a8-4cab-8cbe-2d83d2c7e780">
    <Deployment runDeploymentRoot="jfernandez_JFERNANDEZ 2014-09-25 21_11_09">
      <DeploymentItem filename="C:\Users\jfernandez\Documents\GitHub\SCT_DSD_DISTRIBUIDOS\SCTServiceWCF\bin\SCTServiceWCF.dll" />
    </Deployment>
    <Execution>
      <TestTypeSpecific />
      <AgentRule name="Execution Agents">
      </AgentRule>
    </Execution>
  </TestSettings>
  <Times creation="2014-09-25T21:11:09.7785611-05:00" queuing="2014-09-25T21:11:17.6553487-05:00" start="2014-09-25T21:11:17.7663598-05:00" finish="2014-09-25T21:11:57.8093637-05:00" />
  <ResultSummary outcome="Error">
    <Counters total="1" error="0" failed="0" timeout="0" aborted="0" inconclusive="0" passedButRunAborted="0" notRunnable="0" notExecuted="1" disconnected="0" warning="0" passed="0" completed="0" inProgress="0" pending="0" />
    <RunInfos>
      <RunInfo computerName="JFERNANDEZ" outcome="Error" timestamp="2014-09-25T21:11:57.5923420-05:00">
        <Text>Test host process exited unexpectedly.</Text>
      </RunInfo>
    </RunInfos>
  </ResultSummary>
  <TestDefinitions>
    <UnitTest name="ObtenerEmpresaTest" storage="c:\users\jfernandez\documents\github\sct_dsd_distribuidos\testempresaservice\bin\debug\testempresaservice.dll" id="dd5bf0bc-9d8e-00c5-1b06-a2c64a361961">
      <Execution id="7ce43104-1dbd-40f3-8891-a8ab56433b89" />
      <TestMethod codeBase="C:/Users/jfernandez/Documents/GitHub/SCT_DSD_DISTRIBUIDOS/TestEmpresaService/bin/Debug/TestEmpresaService.DLL" adapterTypeName="Microsoft.VisualStudio.TestTools.TestTypes.Unit.UnitTestAdapter, Microsoft.VisualStudio.QualityTools.Tips.UnitTest.Adapter, Version=10.0.0.0, Culture=neutral, PublicKeyToken=b03f5f7f11d50a3a" className="TestEmpresaService.UnitTest1, TestEmpresaService, Version=1.0.0.0, Culture=neutral, PublicKeyToken=null" name="ObtenerEmpresaTest" />
    </UnitTest>
  </TestDefinitions>
  <TestLists>
    <TestList name="Results Not in a List" id="8c84fa94-04c1-424b-9868-57a2d4851a1d" />
    <TestList name="All Loaded Results" id="19431567-8539-422a-85d7-44ee4e166bda" />
  </TestLists>
  <TestEntries>
    <TestEntry testId="dd5bf0bc-9d8e-00c5-1b06-a2c64a361961" executionId="7ce43104-1dbd-40f3-8891-a8ab56433b89" testListId="8c84fa94-04c1-424b-9868-57a2d4851a1d" />
  </TestEntries>
  <Results>
    <UnitTestResult executionId="7ce43104-1dbd-40f3-8891-a8ab56433b89" testId="dd5bf0bc-9d8e-00c5-1b06-a2c64a361961" testName="ObtenerEmpresaTest" computerName="JFERNANDEZ" testType="13cdc9d9-ddb5-4fa4-a97d-d965ccfc6d4b" outcome="NotExecuted" testListId="8c84fa94-04c1-424b-9868-57a2d4851a1d" relativeResultsDirectory="7ce43104-1dbd-40f3-8891-a8ab56433b89">
    </UnitTestResult>
  </Results>
</TestRun>