<?xml version="1.0" encoding="UTF-8"?>
<TestRun id="ef43a96d-3d1b-4a47-a038-b3462f49f291" name="jmallqui@JMALLQUI 2014-09-25 21:28:59" runUser="NTCIP\jmallqui" xmlns="http://microsoft.com/schemas/VisualStudio/TeamTest/2010">
  <TestSettings name="Configuración de pruebas predeterminada" id="fb3b2e2b-8f2b-4958-bf85-ac92ab8ef2d3">
    <Deployment runDeploymentRoot="jmallqui_JMALLQUI 2014-09-25 21_28_59">
      <DeploymentItem filename="J:\SCT_DSD_DISTRIBUIDOS\SCTServiceWCF\bin\SCTServiceWCF.dll" />
    </Deployment>
    <Execution>
      <TestTypeSpecific />
      <AgentRule name="Execution Agents">
      </AgentRule>
    </Execution>
  </TestSettings>
  <Times creation="2014-09-25T21:28:59.4466777-05:00" queuing="2014-09-25T21:29:08.0056301-05:00" start="2014-09-25T21:29:08.0908297-05:00" finish="2014-09-25T21:29:13.2256372-05:00" />
  <ResultSummary outcome="Completed">
    <Counters total="1" executed="1" passed="1" error="0" failed="0" timeout="0" aborted="0" inconclusive="0" passedButRunAborted="0" notRunnable="0" notExecuted="0" disconnected="0" warning="0" completed="0" inProgress="0" pending="0" />
  </ResultSummary>
  <TestDefinitions>
    <UnitTest name="CrearEmpresaTest" storage="j:\sct_dsd_distribuidos\testempresaservice\bin\debug\testempresaservice.dll" id="c2bd3e72-90cc-46b7-1c96-9f7d2f56caeb">
      <Execution id="247b78d6-c511-4414-a2c2-cc2e1e696b3f" />
      <TestMethod codeBase="J:/SCT_DSD_DISTRIBUIDOS/TestEmpresaService/bin/Debug/TestEmpresaService.DLL" adapterTypeName="Microsoft.VisualStudio.TestTools.TestTypes.Unit.UnitTestAdapter, Microsoft.VisualStudio.QualityTools.Tips.UnitTest.Adapter, Version=10.0.0.0, Culture=neutral, PublicKeyToken=b03f5f7f11d50a3a" className="TestEmpresaService.UnitTest1, TestEmpresaService, Version=1.0.0.0, Culture=neutral, PublicKeyToken=null" name="CrearEmpresaTest" />
    </UnitTest>
  </TestDefinitions>
  <TestLists>
    <TestList name="Resultados que no están en la lista" id="8c84fa94-04c1-424b-9868-57a2d4851a1d" />
    <TestList name="Todos los resultados cargados" id="19431567-8539-422a-85d7-44ee4e166bda" />
  </TestLists>
  <TestEntries>
    <TestEntry testId="c2bd3e72-90cc-46b7-1c96-9f7d2f56caeb" executionId="247b78d6-c511-4414-a2c2-cc2e1e696b3f" testListId="8c84fa94-04c1-424b-9868-57a2d4851a1d" />
  </TestEntries>
  <Results>
    <UnitTestResult executionId="247b78d6-c511-4414-a2c2-cc2e1e696b3f" testId="c2bd3e72-90cc-46b7-1c96-9f7d2f56caeb" testName="CrearEmpresaTest" computerName="JMALLQUI" duration="00:00:03.9652495" startTime="2014-09-25T21:29:08.2817755-05:00" endTime="2014-09-25T21:29:13.0765831-05:00" testType="13cdc9d9-ddb5-4fa4-a97d-d965ccfc6d4b" outcome="Passed" testListId="8c84fa94-04c1-424b-9868-57a2d4851a1d" relativeResultsDirectory="247b78d6-c511-4414-a2c2-cc2e1e696b3f">
      <Output>
        <StdOut>NHibernate: INSERT INTO T_SCT_EMPRESA (EMPRESA, RUC, TELEFONO, DIRECCION) VALUES (@p0, @p1, @p2, @p3); select SCOPE_IDENTITY();@p0 = 'Transporte Vergara' [Type: String (4000)], @p1 = '104334634432' [Type: String (4000)], @p2 = '5563232' [Type: String (4000)], @p3 = 'su casa en donde no lo se' [Type: String (4000)]</StdOut>
      </Output>
    </UnitTestResult>
  </Results>
</TestRun>