<?xml version="1.0" encoding="UTF-8"?>
<TestRun id="4564afcc-e73f-4898-b91d-cdf6e820490e" name="jmallqui@JMALLQUI 2014-09-25 21:31:35" runUser="NTCIP\jmallqui" xmlns="http://microsoft.com/schemas/VisualStudio/TeamTest/2010">
  <TestSettings name="Configuración de pruebas predeterminada" id="9728292d-60d8-49bd-aa95-1486beef2666">
    <Deployment runDeploymentRoot="jmallqui_JMALLQUI 2014-09-25 21_31_35">
      <DeploymentItem filename="J:\SCT_DSD_DISTRIBUIDOS\SCTServiceWCF\bin\SCTServiceWCF.dll" />
    </Deployment>
    <Execution>
      <TestTypeSpecific />
      <AgentRule name="Execution Agents">
      </AgentRule>
    </Execution>
  </TestSettings>
  <Times creation="2014-09-25T21:31:35.9006273-05:00" queuing="2014-09-25T21:31:36.7775376-05:00" start="2014-09-25T21:31:36.7966047-05:00" finish="2014-09-25T21:31:40.6827540-05:00" />
  <ResultSummary outcome="Completed">
    <Counters total="1" executed="1" passed="1" error="0" failed="0" timeout="0" aborted="0" inconclusive="0" passedButRunAborted="0" notRunnable="0" notExecuted="0" disconnected="0" warning="0" completed="0" inProgress="0" pending="0" />
  </ResultSummary>
  <TestDefinitions>
    <UnitTest name="ModificarEmpresaTest" storage="j:\sct_dsd_distribuidos\testempresaservice\bin\debug\testempresaservice.dll" id="edd19375-b0b2-14f3-943c-35968187c4a5">
      <Execution id="c24743d9-1bf7-42bf-b62a-0d5534a61d9e" />
      <TestMethod codeBase="J:/SCT_DSD_DISTRIBUIDOS/TestEmpresaService/bin/Debug/TestEmpresaService.DLL" adapterTypeName="Microsoft.VisualStudio.TestTools.TestTypes.Unit.UnitTestAdapter, Microsoft.VisualStudio.QualityTools.Tips.UnitTest.Adapter, Version=10.0.0.0, Culture=neutral, PublicKeyToken=b03f5f7f11d50a3a" className="TestEmpresaService.UnitTest1, TestEmpresaService, Version=1.0.0.0, Culture=neutral, PublicKeyToken=null" name="ModificarEmpresaTest" />
    </UnitTest>
  </TestDefinitions>
  <TestLists>
    <TestList name="Resultados que no están en la lista" id="8c84fa94-04c1-424b-9868-57a2d4851a1d" />
    <TestList name="Todos los resultados cargados" id="19431567-8539-422a-85d7-44ee4e166bda" />
  </TestLists>
  <TestEntries>
    <TestEntry testId="edd19375-b0b2-14f3-943c-35968187c4a5" executionId="c24743d9-1bf7-42bf-b62a-0d5534a61d9e" testListId="8c84fa94-04c1-424b-9868-57a2d4851a1d" />
  </TestEntries>
  <Results>
    <UnitTestResult executionId="c24743d9-1bf7-42bf-b62a-0d5534a61d9e" testId="edd19375-b0b2-14f3-943c-35968187c4a5" testName="ModificarEmpresaTest" computerName="JMALLQUI" duration="00:00:02.1103130" startTime="2014-09-25T21:31:36.8506427-05:00" endTime="2014-09-25T21:31:39.1312838-05:00" testType="13cdc9d9-ddb5-4fa4-a97d-d965ccfc6d4b" outcome="Passed" testListId="8c84fa94-04c1-424b-9868-57a2d4851a1d" relativeResultsDirectory="c24743d9-1bf7-42bf-b62a-0d5534a61d9e">
    </UnitTestResult>
  </Results>
</TestRun>