<?xml version="1.0" encoding="UTF-8"?>
<TestRun id="428b00e3-8477-4fcb-b091-3004564a4658" name="jmallqui@JMALLQUI 2014-09-25 21:34:13" runUser="NTCIP\jmallqui" xmlns="http://microsoft.com/schemas/VisualStudio/TeamTest/2010">
  <TestSettings name="Configuración de pruebas predeterminada" id="99c7b04b-e2f8-4d67-93b5-aa411c01b538">
    <Deployment runDeploymentRoot="jmallqui_JMALLQUI 2014-09-25 21_34_13">
      <DeploymentItem filename="J:\SCT_DSD_DISTRIBUIDOS\SCTServiceWCF\bin\SCTServiceWCF.dll" />
    </Deployment>
    <Execution>
      <TestTypeSpecific />
      <AgentRule name="Execution Agents">
      </AgentRule>
    </Execution>
  </TestSettings>
  <Times creation="2014-09-25T21:34:13.8667230-05:00" queuing="2014-09-25T21:34:14.5165248-05:00" start="2014-09-25T21:34:14.5245449-05:00" finish="2014-09-25T21:34:15.5743488-05:00" />
  <ResultSummary outcome="Completed">
    <Counters total="1" executed="1" passed="1" error="0" failed="0" timeout="0" aborted="0" inconclusive="0" passedButRunAborted="0" notRunnable="0" notExecuted="0" disconnected="0" warning="0" completed="0" inProgress="0" pending="0" />
  </ResultSummary>
  <TestDefinitions>
    <UnitTest name="ListarEmpresaTest" storage="j:\sct_dsd_distribuidos\testempresaservice\bin\debug\testempresaservice.dll" id="080b423e-92c1-97ed-f83e-c31ac52c54bd">
      <Execution id="1925eccf-da7d-468d-820b-6de5c04486c3" />
      <TestMethod codeBase="J:/SCT_DSD_DISTRIBUIDOS/TestEmpresaService/bin/Debug/TestEmpresaService.DLL" adapterTypeName="Microsoft.VisualStudio.TestTools.TestTypes.Unit.UnitTestAdapter, Microsoft.VisualStudio.QualityTools.Tips.UnitTest.Adapter, Version=10.0.0.0, Culture=neutral, PublicKeyToken=b03f5f7f11d50a3a" className="TestEmpresaService.UnitTest1, TestEmpresaService, Version=1.0.0.0, Culture=neutral, PublicKeyToken=null" name="ListarEmpresaTest" />
    </UnitTest>
  </TestDefinitions>
  <TestLists>
    <TestList name="Resultados que no están en la lista" id="8c84fa94-04c1-424b-9868-57a2d4851a1d" />
    <TestList name="Todos los resultados cargados" id="19431567-8539-422a-85d7-44ee4e166bda" />
  </TestLists>
  <TestEntries>
    <TestEntry testId="080b423e-92c1-97ed-f83e-c31ac52c54bd" executionId="1925eccf-da7d-468d-820b-6de5c04486c3" testListId="8c84fa94-04c1-424b-9868-57a2d4851a1d" />
  </TestEntries>
  <Results>
    <UnitTestResult executionId="1925eccf-da7d-468d-820b-6de5c04486c3" testId="080b423e-92c1-97ed-f83e-c31ac52c54bd" testName="ListarEmpresaTest" computerName="JMALLQUI" duration="00:00:00.7793243" startTime="2014-09-25T21:34:14.5935937-05:00" endTime="2014-09-25T21:34:15.5401888-05:00" testType="13cdc9d9-ddb5-4fa4-a97d-d965ccfc6d4b" outcome="Passed" testListId="8c84fa94-04c1-424b-9868-57a2d4851a1d" relativeResultsDirectory="1925eccf-da7d-468d-820b-6de5c04486c3">
      <Output>
        <StdOut>NHibernate: SELECT this_.ID_EMPRESA as ID1_0_0_, this_.EMPRESA as EMPRESA0_0_, this_.RUC as RUC0_0_, this_.TELEFONO as TELEFONO0_0_, this_.DIRECCION as DIRECCION0_0_ FROM T_SCT_EMPRESA this_</StdOut>
      </Output>
    </UnitTestResult>
  </Results>
</TestRun>